#
# A fatal error has been detected by the Java Runtime Environment:
#
#  SIGSEGV (0xb) at pc=0x00007f0ca9028670, pid=28531, tid=28578
#
# JRE version: Java(TM) SE Runtime Environment (9.0+11) (build 9.0.4+11)
# Java VM: Java HotSpot(TM) 64-Bit Server VM (9.0.4+11, mixed mode, tiered, compressed oops, g1 gc, linux-amd64)
# Problematic frame:
# V  [libjvm.so+0x4c2670]  LIR_OpVisitState::visit(LIR_Op*)+0x4d0
#
# Core dump will be written. Default location: Core dumps may be processed with "/usr/share/apport/apport %p %s %c %d %P" (or dumping to /home/dejans/Develop/java/source/proba3-microservices/core.28531)
#
# If you would like to submit a bug report, please visit:
#   http://bugreport.java.com/bugreport/crash.jsp
#

---------------  S U M M A R Y ------------

Command Line: -Dclassworlds.conf=/usr/share/maven/bin/m2.conf -Dmaven.home=/usr/share/maven -Dmaven.multiModuleProjectDirectory=/home/dejans/Develop/java/source/proba3-microservices org.codehaus.plexus.classworlds.launcher.Launcher package

Host: Intel(R) Core(TM) i7-7700HQ CPU @ 2.80GHz, 8 cores, 15G, Ubuntu 17.10
Time: Sat Mar 17 20:53:43 2018 CET elapsed time: 0 seconds (0d 0h 0m 0s)

---------------  T H R E A D  ---------------

Current thread (0x00007f0ca4212800):  JavaThread "C1 CompilerThread3" daemon [_thread_in_native, id=28578, stack(0x00007f0c2969d000,0x00007f0c2979e000)]


Current CompileTask:
C1:    173  412   !   3       java.net.URL::<init> (546 bytes)

Stack: [0x00007f0c2969d000,0x00007f0c2979e000],  sp=0x00007f0c2979bfd0,  free space=1019k
Native frames: (J=compiled Java code, A=aot compiled Java code, j=interpreted, Vv=VM code, C=native code)
V  [libjvm.so+0x4c2670]  LIR_OpVisitState::visit(LIR_Op*)+0x4d0
V  [libjvm.so+0x50bf3f]  LinearScan::build_intervals()+0x5af
V  [libjvm.so+0x510a90]  LinearScan::do_linear_scan()+0x40
V  [libjvm.so+0x49853a]  Compilation::emit_lir()+0x71a
V  [libjvm.so+0x4994d5]  Compilation::compile_java_method()+0x265
V  [libjvm.so+0x4997af]  Compilation::compile_method()+0x12f
V  [libjvm.so+0x499c31]  Compilation::Compilation(AbstractCompiler*, ciEnv*, ciMethod*, int, BufferBlob*, DirectiveSet*)+0x271
V  [libjvm.so+0x49ac1e]  Compiler::compile_method(ciEnv*, ciMethod*, int, DirectiveSet*)+0xae
V  [libjvm.so+0x6125ac]  CompileBroker::invoke_compiler_on_method(CompileTask*)+0x41c
V  [libjvm.so+0x61344b]  CompileBroker::compiler_thread_loop()+0x28b
V  [libjvm.so+0xcef338]  JavaThread::thread_main_inner()+0xd8
V  [libjvm.so+0xb6e132]  thread_native_entry(Thread*)+0xf2
C  [libpthread.so.0+0x77fc]  start_thread+0xdc


siginfo: si_signo: 11 (SIGSEGV), si_code: 1 (SEGV_MAPERR), si_addr: 0x0000010000000000

Register to memory mapping:

RAX=0x0000000000000000 is an unknown value
RBX=0x00007f0c2979c190 is pointing into the stack for thread: 0x00007f0ca4212800
RCX=0x00000000000005da is an unknown value
RDX=0x00007f0ca990fac4: <offset 0x0000000000da9ac4> in /usr/java/jdk-9.0.4/lib/server/libjvm.so at 0x00007f0ca8b66000
RSP=0x00007f0c2979bfd0 is pointing into the stack for thread: 0x00007f0ca4212800
RBP=0x00007f0c2979bff0 is pointing into the stack for thread: 0x00007f0ca4212800
RSI=0x00007f0c0401bf20 is an unknown value
RDI=0x0000010000000000 is an unknown value
R8 =0x000000000000000d is an unknown value
R9 =0x0000000000000015 is an unknown value
R10=0x00007f0c180df0d0 is an unknown value
R11=0x00007f0c040e83a8 is an unknown value
R12=0x00007f0c0401bf20 is an unknown value
R13=0x0000000000000540 is an unknown value
R14=0x00007f0c0401bf80 is an unknown value
R15=0x00007f0c040d8990 is an unknown value


Registers:
RAX=0x0000000000000000, RBX=0x00007f0c2979c190, RCX=0x00000000000005da, RDX=0x00007f0ca990fac4
RSP=0x00007f0c2979bfd0, RBP=0x00007f0c2979bff0, RSI=0x00007f0c0401bf20, RDI=0x0000010000000000
R8 =0x000000000000000d, R9 =0x0000000000000015, R10=0x00007f0c180df0d0, R11=0x00007f0c040e83a8
R12=0x00007f0c0401bf20, R13=0x0000000000000540, R14=0x00007f0c0401bf80, R15=0x00007f0c040d8990
RIP=0x00007f0ca9028670, EFLAGS=0x0000000000010206, CSGSFS=0x002b000000000033, ERR=0x0000000000000004
  TRAPNO=0x000000000000000e

Top of Stack: (sp=0x00007f0c2979bfd0)
0x00007f0c2979bfd0:   00007f0ca8ff9660 00007f0c040d8990
0x00007f0c2979bfe0:   00007f0ca8ff9660 0000000000000540
0x00007f0c2979bff0:   00007f0c2979c3f0 00007f0ca9071f3f
0x00007f0c2979c000:   00007f0c2979c09c 00007f0c2979c098 

Instructions: (pc=0x00007f0ca9028670)
0x00007f0ca9028650:   49 8d 74 24 08 ba 02 00 00 00 48 89 df e8 1e 83
0x00007f0ca9028660:   00 00 49 8b 7c 24 78 48 85 ff 0f 84 f8 fc ff ff
0x00007f0ca9028670:   48 8b 07 48 89 de 48 8b 40 30 48 83 c4 08 5b 41
0x00007f0ca9028680:   5c 41 5d 5d ff e0 66 2e 0f 1f 84 00 00 00 00 00 


---------------  P R O C E S S  ---------------

Java Threads: ( => current thread )
  0x00007f0ca42ca000 JavaThread "Service Thread" daemon [_thread_blocked, id=28581, stack(0x00007f0c28f72000,0x00007f0c29073000)]
  0x00007f0ca423b000 JavaThread "Common-Cleaner" daemon [_thread_blocked, id=28580, stack(0x00007f0c29073000,0x00007f0c29174000)]
  0x00007f0ca4214000 JavaThread "Sweeper thread" daemon [_thread_blocked, id=28579, stack(0x00007f0c2959c000,0x00007f0c2969d000)]
=>0x00007f0ca4212800 JavaThread "C1 CompilerThread3" daemon [_thread_in_native, id=28578, stack(0x00007f0c2969d000,0x00007f0c2979e000)]
  0x00007f0ca4210800 JavaThread "C2 CompilerThread2" daemon [_thread_blocked, id=28577, stack(0x00007f0c2979e000,0x00007f0c2989f000)]
  0x00007f0ca420e800 JavaThread "C2 CompilerThread1" daemon [_thread_blocked, id=28576, stack(0x00007f0c2989f000,0x00007f0c299a0000)]
  0x00007f0ca420b000 JavaThread "C2 CompilerThread0" daemon [_thread_blocked, id=28575, stack(0x00007f0c299a0000,0x00007f0c29aa1000)]
  0x00007f0ca420c000 JavaThread "Signal Dispatcher" daemon [_thread_blocked, id=28574, stack(0x00007f0c29aa1000,0x00007f0c29ba2000)]
  0x00007f0ca41ee800 JavaThread "Finalizer" daemon [_thread_blocked, id=28573, stack(0x00007f0c380ad000,0x00007f0c381ae000)]
  0x00007f0ca41e6800 JavaThread "Reference Handler" daemon [_thread_blocked, id=28572, stack(0x00007f0c381ae000,0x00007f0c382af000)]
  0x00007f0ca4013000 JavaThread "main" [_thread_in_Java, id=28550, stack(0x00007f0caac29000,0x00007f0caad29000)]

Other Threads:
  0x00007f0ca41dc800 VMThread "VM Thread" [stack: 0x00007f0c382b0000,0x00007f0c383b0000] [id=28571]
  0x00007f0ca42cc800 WatcherThread [stack: 0x00007f0c28e72000,0x00007f0c28f72000] [id=28582]
  0x00007f0ca402a800 GCTaskThread "GC Thread#0" [stack: 0x00007f0c88ce3000,0x00007f0c88de3000] [id=28551]
  0x00007f0ca402c000 GCTaskThread "GC Thread#1" [stack: 0x00007f0c88be2000,0x00007f0c88ce2000] [id=28552]
  0x00007f0ca402e000 GCTaskThread "GC Thread#2" [stack: 0x00007f0c88ae1000,0x00007f0c88be1000] [id=28553]
  0x00007f0ca402f800 GCTaskThread "GC Thread#3" [stack: 0x00007f0c889e0000,0x00007f0c88ae0000] [id=28554]
  0x00007f0ca4031800 GCTaskThread "GC Thread#4" [stack: 0x00007f0c888df000,0x00007f0c889df000] [id=28555]
  0x00007f0ca4033000 GCTaskThread "GC Thread#5" [stack: 0x00007f0c887de000,0x00007f0c888de000] [id=28556]
  0x00007f0ca4035000 GCTaskThread "GC Thread#6" [stack: 0x00007f0c886dd000,0x00007f0c887dd000] [id=28557]
  0x00007f0ca4036800 GCTaskThread "GC Thread#7" [stack: 0x00007f0c885dc000,0x00007f0c886dc000] [id=28558]
  0x00007f0ca408d000 ConcurrentGCThread "G1 Main Marker" [stack: 0x00007f0c692e7000,0x00007f0c693e7000] [id=28568]
  0x00007f0ca408f000 ConcurrentGCThread "G1 Marker#0" [stack: 0x00007f0c691e6000,0x00007f0c692e6000] [id=28569]
  0x00007f0ca4090800 ConcurrentGCThread "G1 Marker#1" [stack: 0x00007f0c690e5000,0x00007f0c691e5000] [id=28570]
  0x00007f0ca4045000 ConcurrentGCThread "G1 Refine#0" [stack: 0x00007f0c6b4f6000,0x00007f0c6b5f6000] [id=28566]
  0x00007f0ca4043800 ConcurrentGCThread "G1 Refine#1" [stack: 0x00007f0c6b5f7000,0x00007f0c6b6f7000] [id=28565]
  0x00007f0ca4041800 ConcurrentGCThread "G1 Refine#2" [stack: 0x00007f0c6b6f8000,0x00007f0c6b7f8000] [id=28564]
  0x00007f0ca403f800 ConcurrentGCThread "G1 Refine#3" [stack: 0x00007f0c6b7f9000,0x00007f0c6b8f9000] [id=28563]
  0x00007f0ca403e000 ConcurrentGCThread "G1 Refine#4" [stack: 0x00007f0c6b8fa000,0x00007f0c6b9fa000] [id=28562]
  0x00007f0ca403c000 ConcurrentGCThread "G1 Refine#5" [stack: 0x00007f0c6b9fb000,0x00007f0c6bafb000] [id=28561]
  0x00007f0ca403a800 ConcurrentGCThread "G1 Refine#6" [stack: 0x00007f0c6bafc000,0x00007f0c6bbfc000] [id=28560]
  0x00007f0ca4038800 ConcurrentGCThread "G1 Refine#7" [stack: 0x00007f0c6bbfd000,0x00007f0c6bcfd000] [id=28559]
  0x00007f0ca4047000 ConcurrentGCThread "G1 Young RemSet Sampling" [stack: 0x00007f0c6b3f5000,0x00007f0c6b4f5000] [id=28567]

Threads with active compile tasks:
C1 CompilerThread3 412   !   3       java.net.URL::<init> (546 bytes)

VM state:not at safepoint (normal execution)

VM Mutex/Monitor currently owned by a thread: None

Heap address: 0x00000006c7600000, size: 3978 MB, Compressed Oops mode: Zero based, Oop shift amount: 3
Narrow klass base: 0x0000000000000000, Narrow klass shift: 3
Compressed class space size: 1073741824 Address: 0x00000007c0000000

Heap:
 garbage-first heap   total 256000K, used 6144K [0x00000006c7600000, 0x00000006c77007d0, 0x00000007c0000000)
  region size 1024K, 7 young (7168K), 0 survivors (0K)
 Metaspace       used 7147K, capacity 7384K, committed 7680K, reserved 1056768K
  class space    used 622K, capacity 712K, committed 768K, reserved 1048576K
Heap Regions: E=young(eden), S=young(survivor), O=old, HS=humongous(starts), HC=humongous(continues), CS=collection set, F=free, A=archive, TS=gc time stamp, AC=allocation context, TAMS=top-at-mark-start (previous, next)
|   0|0x00000006c7600000, 0x00000006c7600000, 0x00000006c7700000|  0%| F|  |TS  0|AC  0|TAMS 0x00000006c7600000, 0x00000006c7600000|
|   1|0x00000006c7700000, 0x00000006c7700000, 0x00000006c7800000|  0%| F|  |TS  0|AC  0|TAMS 0x00000006c7700000, 0x00000006c7700000|
|   2|0x00000006c7800000, 0x00000006c7800000, 0x00000006c7900000|  0%| F|  |TS  0|AC  0|TAMS 0x00000006c7800000, 0x00000006c7800000|
|   3|0x00000006c7900000, 0x00000006c7900000, 0x00000006c7a00000|  0%| F|  |TS  0|AC  0|TAMS 0x00000006c7900000, 0x00000006c7900000|
|   4|0x00000006c7a00000, 0x00000006c7a00000, 0x00000006c7b00000|  0%| F|  |TS  0|AC  0|TAMS 0x00000006c7a00000, 0x00000006c7a00000|
|   5|0x00000006c7b00000, 0x00000006c7b00000, 0x00000006c7c00000|  0%| F|  |TS  0|AC  0|TAMS 0x00000006c7b00000, 0x00000006c7b00000|
|   6|0x00000006c7c00000, 0x00000006c7c00000, 0x00000006c7d00000|  0%| F|  |TS  0|AC  0|TAMS 0x00000006c7c00000, 0x00000006c7c00000|
|   7|0x00000006c7d00000, 0x00000006c7d00000, 0x00000006c7e00000|  0%| F|  |TS  0|AC  0|TAMS 0x00000006c7d00000, 0x00000006c7d00000|
|   8|0x00000006c7e00000, 0x00000006c7e00000, 0x00000006c7f00000|  0%| F|  |TS  0|AC  0|TAMS 0x00000006c7e00000, 0x00000006c7e00000|
|   9|0x00000006c7f00000, 0x00000006c7f00000, 0x00000006c8000000|  0%| F|  |TS  0|AC  0|TAMS 0x00000006c7f00000, 0x00000006c7f00000|
|  10|0x00000006c8000000, 0x00000006c8000000, 0x00000006c8100000|  0%| F|  |TS  0|AC  0|TAMS 0x00000006c8000000, 0x00000006c8000000|
|  11|0x00000006c8100000, 0x00000006c8100000, 0x00000006c8200000|  0%| F|  |TS  0|AC  0|TAMS 0x00000006c8100000, 0x00000006c8100000|
|  12|0x00000006c8200000, 0x00000006c8200000, 0x00000006c8300000|  0%| F|  |TS  0|AC  0|TAMS 0x00000006c8200000, 0x00000006c8200000|
|  13|0x00000006c8300000, 0x00000006c8300000, 0x00000006c8400000|  0%| F|  |TS  0|AC  0|TAMS 0x00000006c8300000, 0x00000006c8300000|
|  14|0x00000006c8400000, 0x00000006c8400000, 0x00000006c8500000|  0%| F|  |TS  0|AC  0|TAMS 0x00000006c8400000, 0x00000006c8400000|
|  15|0x00000006c8500000, 0x00000006c8500000, 0x00000006c8600000|  0%| F|  |TS  0|AC  0|TAMS 0x00000006c8500000, 0x00000006c8500000|
|  16|0x00000006c8600000, 0x00000006c8600000, 0x00000006c8700000|  0%| F|  |TS  0|AC  0|TAMS 0x00000006c8600000, 0x00000006c8600000|
|  17|0x00000006c8700000, 0x00000006c8700000, 0x00000006c8800000|  0%| F|  |TS  0|AC  0|TAMS 0x00000006c8700000, 0x00000006c8700000|
|  18|0x00000006c8800000, 0x00000006c8800000, 0x00000006c8900000|  0%| F|  |TS  0|AC  0|TAMS 0x00000006c8800000, 0x00000006c8800000|
|  19|0x00000006c8900000, 0x00000006c8900000, 0x00000006c8a00000|  0%| F|  |TS  0|AC  0|TAMS 0x00000006c8900000, 0x00000006c8900000|
|  20|0x00000006c8a00000, 0x00000006c8a00000, 0x00000006c8b00000|  0%| F|  |TS  0|AC  0|TAMS 0x00000006c8a00000, 0x00000006c8a00000|
|  21|0x00000006c8b00000, 0x00000006c8b00000, 0x00000006c8c00000|  0%| F|  |TS  0|AC  0|TAMS 0x00000006c8b00000, 0x00000006c8b00000|
|  22|0x00000006c8c00000, 0x00000006c8c00000, 0x00000006c8d00000|  0%| F|  |TS  0|AC  0|TAMS 0x00000006c8c00000, 0x00000006c8c00000|
|  23|0x00000006c8d00000, 0x00000006c8d00000, 0x00000006c8e00000|  0%| F|  |TS  0|AC  0|TAMS 0x00000006c8d00000, 0x00000006c8d00000|
|  24|0x00000006c8e00000, 0x00000006c8e00000, 0x00000006c8f00000|  0%| F|  |TS  0|AC  0|TAMS 0x00000006c8e00000, 0x00000006c8e00000|
|  25|0x00000006c8f00000, 0x00000006c8f00000, 0x00000006c9000000|  0%| F|  |TS  0|AC  0|TAMS 0x00000006c8f00000, 0x00000006c8f00000|
|  26|0x00000006c9000000, 0x00000006c9000000, 0x00000006c9100000|  0%| F|  |TS  0|AC  0|TAMS 0x00000006c9000000, 0x00000006c9000000|
|  27|0x00000006c9100000, 0x00000006c9100000, 0x00000006c9200000|  0%| F|  |TS  0|AC  0|TAMS 0x00000006c9100000, 0x00000006c9100000|
|  28|0x00000006c9200000, 0x00000006c9200000, 0x00000006c9300000|  0%| F|  |TS  0|AC  0|TAMS 0x00000006c9200000, 0x00000006c9200000|
|  29|0x00000006c9300000, 0x00000006c9300000, 0x00000006c9400000|  0%| F|  |TS  0|AC  0|TAMS 0x00000006c9300000, 0x00000006c9300000|
|  30|0x00000006c9400000, 0x00000006c9400000, 0x00000006c9500000|  0%| F|  |TS  0|AC  0|TAMS 0x00000006c9400000, 0x00000006c9400000|
|  31|0x00000006c9500000, 0x00000006c9500000, 0x00000006c9600000|  0%| F|  |TS  0|AC  0|TAMS 0x00000006c9500000, 0x00000006c9500000|
|  32|0x00000006c9600000, 0x00000006c9600000, 0x00000006c9700000|  0%| F|  |TS  0|AC  0|TAMS 0x00000006c9600000, 0x00000006c9600000|
|  33|0x00000006c9700000, 0x00000006c9700000, 0x00000006c9800000|  0%| F|  |TS  0|AC  0|TAMS 0x00000006c9700000, 0x00000006c9700000|
|  34|0x00000006c9800000, 0x00000006c9800000, 0x00000006c9900000|  0%| F|  |TS  0|AC  0|TAMS 0x00000006c9800000, 0x00000006c9800000|
|  35|0x00000006c9900000, 0x00000006c9900000, 0x00000006c9a00000|  0%| F|  |TS  0|AC  0|TAMS 0x00000006c9900000, 0x00000006c9900000|
|  36|0x00000006c9a00000, 0x00000006c9a00000, 0x00000006c9b00000|  0%| F|  |TS  0|AC  0|TAMS 0x00000006c9a00000, 0x00000006c9a00000|
|  37|0x00000006c9b00000, 0x00000006c9b00000, 0x00000006c9c00000|  0%| F|  |TS  0|AC  0|TAMS 0x00000006c9b00000, 0x00000006c9b00000|
|  38|0x00000006c9c00000, 0x00000006c9c00000, 0x00000006c9d00000|  0%| F|  |TS  0|AC  0|TAMS 0x00000006c9c00000, 0x00000006c9c00000|
|  39|0x00000006c9d00000, 0x00000006c9d00000, 0x00000006c9e00000|  0%| F|  |TS  0|AC  0|TAMS 0x00000006c9d00000, 0x00000006c9d00000|
|  40|0x00000006c9e00000, 0x00000006c9e00000, 0x00000006c9f00000|  0%| F|  |TS  0|AC  0|TAMS 0x00000006c9e00000, 0x00000006c9e00000|
|  41|0x00000006c9f00000, 0x00000006c9f00000, 0x00000006ca000000|  0%| F|  |TS  0|AC  0|TAMS 0x00000006c9f00000, 0x00000006c9f00000|
|  42|0x00000006ca000000, 0x00000006ca000000, 0x00000006ca100000|  0%| F|  |TS  0|AC  0|TAMS 0x00000006ca000000, 0x00000006ca000000|
|  43|0x00000006ca100000, 0x00000006ca100000, 0x00000006ca200000|  0%| F|  |TS  0|AC  0|TAMS 0x00000006ca100000, 0x00000006ca100000|
|  44|0x00000006ca200000, 0x00000006ca200000, 0x00000006ca300000|  0%| F|  |TS  0|AC  0|TAMS 0x00000006ca200000, 0x00000006ca200000|
|  45|0x00000006ca300000, 0x00000006ca300000, 0x00000006ca400000|  0%| F|  |TS  0|AC  0|TAMS 0x00000006ca300000, 0x00000006ca300000|
|  46|0x00000006ca400000, 0x00000006ca400000, 0x00000006ca500000|  0%| F|  |TS  0|AC  0|TAMS 0x00000006ca400000, 0x00000006ca400000|
|  47|0x00000006ca500000, 0x00000006ca500000, 0x00000006ca600000|  0%| F|  |TS  0|AC  0|TAMS 0x00000006ca500000, 0x00000006ca500000|
|  48|0x00000006ca600000, 0x00000006ca600000, 0x00000006ca700000|  0%| F|  |TS  0|AC  0|TAMS 0x00000006ca600000, 0x00000006ca600000|
|  49|0x00000006ca700000, 0x00000006ca700000, 0x00000006ca800000|  0%| F|  |TS  0|AC  0|TAMS 0x00000006ca700000, 0x00000006ca700000|
|  50|0x00000006ca800000, 0x00000006ca800000, 0x00000006ca900000|  0%| F|  |TS  0|AC  0|TAMS 0x00000006ca800000, 0x00000006ca800000|
|  51|0x00000006ca900000, 0x00000006ca900000, 0x00000006caa00000|  0%| F|  |TS  0|AC  0|TAMS 0x00000006ca900000, 0x00000006ca900000|
|  52|0x00000006caa00000, 0x00000006caa00000, 0x00000006cab00000|  0%| F|  |TS  0|AC  0|TAMS 0x00000006caa00000, 0x00000006caa00000|
|  53|0x00000006cab00000, 0x00000006cab00000, 0x00000006cac00000|  0%| F|  |TS  0|AC  0|TAMS 0x00000006cab00000, 0x00000006cab00000|
|  54|0x00000006cac00000, 0x00000006cac00000, 0x00000006cad00000|  0%| F|  |TS  0|AC  0|TAMS 0x00000006cac00000, 0x00000006cac00000|
|  55|0x00000006cad00000, 0x00000006cad00000, 0x00000006cae00000|  0%| F|  |TS  0|AC  0|TAMS 0x00000006cad00000, 0x00000006cad00000|
|  56|0x00000006cae00000, 0x00000006cae00000, 0x00000006caf00000|  0%| F|  |TS  0|AC  0|TAMS 0x00000006cae00000, 0x00000006cae00000|
|  57|0x00000006caf00000, 0x00000006caf00000, 0x00000006cb000000|  0%| F|  |TS  0|AC  0|TAMS 0x00000006caf00000, 0x00000006caf00000|
|  58|0x00000006cb000000, 0x00000006cb000000, 0x00000006cb100000|  0%| F|  |TS  0|AC  0|TAMS 0x00000006cb000000, 0x00000006cb000000|
|  59|0x00000006cb100000, 0x00000006cb100000, 0x00000006cb200000|  0%| F|  |TS  0|AC  0|TAMS 0x00000006cb100000, 0x00000006cb100000|
|  60|0x00000006cb200000, 0x00000006cb200000, 0x00000006cb300000|  0%| F|  |TS  0|AC  0|TAMS 0x00000006cb200000, 0x00000006cb200000|
|  61|0x00000006cb300000, 0x00000006cb300000, 0x00000006cb400000|  0%| F|  |TS  0|AC  0|TAMS 0x00000006cb300000, 0x00000006cb300000|
|  62|0x00000006cb400000, 0x00000006cb400000, 0x00000006cb500000|  0%| F|  |TS  0|AC  0|TAMS 0x00000006cb400000, 0x00000006cb400000|
|  63|0x00000006cb500000, 0x00000006cb500000, 0x00000006cb600000|  0%| F|  |TS  0|AC  0|TAMS 0x00000006cb500000, 0x00000006cb500000|
|  64|0x00000006cb600000, 0x00000006cb600000, 0x00000006cb700000|  0%| F|  |TS  0|AC  0|TAMS 0x00000006cb600000, 0x00000006cb600000|
|  65|0x00000006cb700000, 0x00000006cb700000, 0x00000006cb800000|  0%| F|  |TS  0|AC  0|TAMS 0x00000006cb700000, 0x00000006cb700000|
|  66|0x00000006cb800000, 0x00000006cb800000, 0x00000006cb900000|  0%| F|  |TS  0|AC  0|TAMS 0x00000006cb800000, 0x00000006cb800000|
|  67|0x00000006cb900000, 0x00000006cb900000, 0x00000006cba00000|  0%| F|  |TS  0|AC  0|TAMS 0x00000006cb900000, 0x00000006cb900000|
|  68|0x00000006cba00000, 0x00000006cba00000, 0x00000006cbb00000|  0%| F|  |TS  0|AC  0|TAMS 0x00000006cba00000, 0x00000006cba00000|
|  69|0x00000006cbb00000, 0x00000006cbb00000, 0x00000006cbc00000|  0%| F|  |TS  0|AC  0|TAMS 0x00000006cbb00000, 0x00000006cbb00000|
|  70|0x00000006cbc00000, 0x00000006cbc00000, 0x00000006cbd00000|  0%| F|  |TS  0|AC  0|TAMS 0x00000006cbc00000, 0x00000006cbc00000|
|  71|0x00000006cbd00000, 0x00000006cbd00000, 0x00000006cbe00000|  0%| F|  |TS  0|AC  0|TAMS 0x00000006cbd00000, 0x00000006cbd00000|
|  72|0x00000006cbe00000, 0x00000006cbe00000, 0x00000006cbf00000|  0%| F|  |TS  0|AC  0|TAMS 0x00000006cbe00000, 0x00000006cbe00000|
|  73|0x00000006cbf00000, 0x00000006cbf00000, 0x00000006cc000000|  0%| F|  |TS  0|AC  0|TAMS 0x00000006cbf00000, 0x00000006cbf00000|
|  74|0x00000006cc000000, 0x00000006cc000000, 0x00000006cc100000|  0%| F|  |TS  0|AC  0|TAMS 0x00000006cc000000, 0x00000006cc000000|
|  75|0x00000006cc100000, 0x00000006cc100000, 0x00000006cc200000|  0%| F|  |TS  0|AC  0|TAMS 0x00000006cc100000, 0x00000006cc100000|
|  76|0x00000006cc200000, 0x00000006cc200000, 0x00000006cc300000|  0%| F|  |TS  0|AC  0|TAMS 0x00000006cc200000, 0x00000006cc200000|
|  77|0x00000006cc300000, 0x00000006cc300000, 0x00000006cc400000|  0%| F|  |TS  0|AC  0|TAMS 0x00000006cc300000, 0x00000006cc300000|
|  78|0x00000006cc400000, 0x00000006cc400000, 0x00000006cc500000|  0%| F|  |TS  0|AC  0|TAMS 0x00000006cc400000, 0x00000006cc400000|
|  79|0x00000006cc500000, 0x00000006cc500000, 0x00000006cc600000|  0%| F|  |TS  0|AC  0|TAMS 0x00000006cc500000, 0x00000006cc500000|
|  80|0x00000006cc600000, 0x00000006cc600000, 0x00000006cc700000|  0%| F|  |TS  0|AC  0|TAMS 0x00000006cc600000, 0x00000006cc600000|
|  81|0x00000006cc700000, 0x00000006cc700000, 0x00000006cc800000|  0%| F|  |TS  0|AC  0|TAMS 0x00000006cc700000, 0x00000006cc700000|
|  82|0x00000006cc800000, 0x00000006cc800000, 0x00000006cc900000|  0%| F|  |TS  0|AC  0|TAMS 0x00000006cc800000, 0x00000006cc800000|
|  83|0x00000006cc900000, 0x00000006cc900000, 0x00000006cca00000|  0%| F|  |TS  0|AC  0|TAMS 0x00000006cc900000, 0x00000006cc900000|
|  84|0x00000006cca00000, 0x00000006cca00000, 0x00000006ccb00000|  0%| F|  |TS  0|AC  0|TAMS 0x00000006cca00000, 0x00000006cca00000|
|  85|0x00000006ccb00000, 0x00000006ccb00000, 0x00000006ccc00000|  0%| F|  |TS  0|AC  0|TAMS 0x00000006ccb00000, 0x00000006ccb00000|
|  86|0x00000006ccc00000, 0x00000006ccc00000, 0x00000006ccd00000|  0%| F|  |TS  0|AC  0|TAMS 0x00000006ccc00000, 0x00000006ccc00000|
|  87|0x00000006ccd00000, 0x00000006ccd00000, 0x00000006cce00000|  0%| F|  |TS  0|AC  0|TAMS 0x00000006ccd00000, 0x00000006ccd00000|
|  88|0x00000006cce00000, 0x00000006cce00000, 0x00000006ccf00000|  0%| F|  |TS  0|AC  0|TAMS 0x00000006cce00000, 0x00000006cce00000|
|  89|0x00000006ccf00000, 0x00000006ccf00000, 0x00000006cd000000|  0%| F|  |TS  0|AC  0|TAMS 0x00000006ccf00000, 0x00000006ccf00000|
|  90|0x00000006cd000000, 0x00000006cd000000, 0x00000006cd100000|  0%| F|  |TS  0|AC  0|TAMS 0x00000006cd000000, 0x00000006cd000000|
|  91|0x00000006cd100000, 0x00000006cd100000, 0x00000006cd200000|  0%| F|  |TS  0|AC  0|TAMS 0x00000006cd100000, 0x00000006cd100000|
|  92|0x00000006cd200000, 0x00000006cd200000, 0x00000006cd300000|  0%| F|  |TS  0|AC  0|TAMS 0x00000006cd200000, 0x00000006cd200000|
|  93|0x00000006cd300000, 0x00000006cd300000, 0x00000006cd400000|  0%| F|  |TS  0|AC  0|TAMS 0x00000006cd300000, 0x00000006cd300000|
|  94|0x00000006cd400000, 0x00000006cd400000, 0x00000006cd500000|  0%| F|  |TS  0|AC  0|TAMS 0x00000006cd400000, 0x00000006cd400000|
|  95|0x00000006cd500000, 0x00000006cd500000, 0x00000006cd600000|  0%| F|  |TS  0|AC  0|TAMS 0x00000006cd500000, 0x00000006cd500000|
|  96|0x00000006cd600000, 0x00000006cd600000, 0x00000006cd700000|  0%| F|  |TS  0|AC  0|TAMS 0x00000006cd600000, 0x00000006cd600000|
|  97|0x00000006cd700000, 0x00000006cd700000, 0x00000006cd800000|  0%| F|  |TS  0|AC  0|TAMS 0x00000006cd700000, 0x00000006cd700000|
|  98|0x00000006cd800000, 0x00000006cd800000, 0x00000006cd900000|  0%| F|  |TS  0|AC  0|TAMS 0x00000006cd800000, 0x00000006cd800000|
|  99|0x00000006cd900000, 0x00000006cd900000, 0x00000006cda00000|  0%| F|  |TS  0|AC  0|TAMS 0x00000006cd900000, 0x00000006cd900000|
| 100|0x00000006cda00000, 0x00000006cda00000, 0x00000006cdb00000|  0%| F|  |TS  0|AC  0|TAMS 0x00000006cda00000, 0x00000006cda00000|
| 101|0x00000006cdb00000, 0x00000006cdb00000, 0x00000006cdc00000|  0%| F|  |TS  0|AC  0|TAMS 0x00000006cdb00000, 0x00000006cdb00000|
| 102|0x00000006cdc00000, 0x00000006cdc00000, 0x00000006cdd00000|  0%| F|  |TS  0|AC  0|TAMS 0x00000006cdc00000, 0x00000006cdc00000|
| 103|0x00000006cdd00000, 0x00000006cdd00000, 0x00000006cde00000|  0%| F|  |TS  0|AC  0|TAMS 0x00000006cdd00000, 0x00000006cdd00000|
| 104|0x00000006cde00000, 0x00000006cde00000, 0x00000006cdf00000|  0%| F|  |TS  0|AC  0|TAMS 0x00000006cde00000, 0x00000006cde00000|
| 105|0x00000006cdf00000, 0x00000006cdf00000, 0x00000006ce000000|  0%| F|  |TS  0|AC  0|TAMS 0x00000006cdf00000, 0x00000006cdf00000|
| 106|0x00000006ce000000, 0x00000006ce000000, 0x00000006ce100000|  0%| F|  |TS  0|AC  0|TAMS 0x00000006ce000000, 0x00000006ce000000|
| 107|0x00000006ce100000, 0x00000006ce100000, 0x00000006ce200000|  0%| F|  |TS  0|AC  0|TAMS 0x00000006ce100000, 0x00000006ce100000|
| 108|0x00000006ce200000, 0x00000006ce200000, 0x00000006ce300000|  0%| F|  |TS  0|AC  0|TAMS 0x00000006ce200000, 0x00000006ce200000|
| 109|0x00000006ce300000, 0x00000006ce300000, 0x00000006ce400000|  0%| F|  |TS  0|AC  0|TAMS 0x00000006ce300000, 0x00000006ce300000|
| 110|0x00000006ce400000, 0x00000006ce400000, 0x00000006ce500000|  0%| F|  |TS  0|AC  0|TAMS 0x00000006ce400000, 0x00000006ce400000|
| 111|0x00000006ce500000, 0x00000006ce500000, 0x00000006ce600000|  0%| F|  |TS  0|AC  0|TAMS 0x00000006ce500000, 0x00000006ce500000|
| 112|0x00000006ce600000, 0x00000006ce600000, 0x00000006ce700000|  0%| F|  |TS  0|AC  0|TAMS 0x00000006ce600000, 0x00000006ce600000|
| 113|0x00000006ce700000, 0x00000006ce700000, 0x00000006ce800000|  0%| F|  |TS  0|AC  0|TAMS 0x00000006ce700000, 0x00000006ce700000|
| 114|0x00000006ce800000, 0x00000006ce800000, 0x00000006ce900000|  0%| F|  |TS  0|AC  0|TAMS 0x00000006ce800000, 0x00000006ce800000|
| 115|0x00000006ce900000, 0x00000006ce900000, 0x00000006cea00000|  0%| F|  |TS  0|AC  0|TAMS 0x00000006ce900000, 0x00000006ce900000|
| 116|0x00000006cea00000, 0x00000006cea00000, 0x00000006ceb00000|  0%| F|  |TS  0|AC  0|TAMS 0x00000006cea00000, 0x00000006cea00000|
| 117|0x00000006ceb00000, 0x00000006ceb00000, 0x00000006cec00000|  0%| F|  |TS  0|AC  0|TAMS 0x00000006ceb00000, 0x00000006ceb00000|
| 118|0x00000006cec00000, 0x00000006cec00000, 0x00000006ced00000|  0%| F|  |TS  0|AC  0|TAMS 0x00000006cec00000, 0x00000006cec00000|
| 119|0x00000006ced00000, 0x00000006ced00000, 0x00000006cee00000|  0%| F|  |TS  0|AC  0|TAMS 0x00000006ced00000, 0x00000006ced00000|
| 120|0x00000006cee00000, 0x00000006cee00000, 0x00000006cef00000|  0%| F|  |TS  0|AC  0|TAMS 0x00000006cee00000, 0x00000006cee00000|
| 121|0x00000006cef00000, 0x00000006cef00000, 0x00000006cf000000|  0%| F|  |TS  0|AC  0|TAMS 0x00000006cef00000, 0x00000006cef00000|
| 122|0x00000006cf000000, 0x00000006cf000000, 0x00000006cf100000|  0%| F|  |TS  0|AC  0|TAMS 0x00000006cf000000, 0x00000006cf000000|
| 123|0x00000006cf100000, 0x00000006cf100000, 0x00000006cf200000|  0%| F|  |TS  0|AC  0|TAMS 0x00000006cf100000, 0x00000006cf100000|
| 124|0x00000006cf200000, 0x00000006cf200000, 0x00000006cf300000|  0%| F|  |TS  0|AC  0|TAMS 0x00000006cf200000, 0x00000006cf200000|
| 125|0x00000006cf300000, 0x00000006cf300000, 0x00000006cf400000|  0%| F|  |TS  0|AC  0|TAMS 0x00000006cf300000, 0x00000006cf300000|
| 126|0x00000006cf400000, 0x00000006cf400000, 0x00000006cf500000|  0%| F|  |TS  0|AC  0|TAMS 0x00000006cf400000, 0x00000006cf400000|
| 127|0x00000006cf500000, 0x00000006cf500000, 0x00000006cf600000|  0%| F|  |TS  0|AC  0|TAMS 0x00000006cf500000, 0x00000006cf500000|
| 128|0x00000006cf600000, 0x00000006cf600000, 0x00000006cf700000|  0%| F|  |TS  0|AC  0|TAMS 0x00000006cf600000, 0x00000006cf600000|
| 129|0x00000006cf700000, 0x00000006cf700000, 0x00000006cf800000|  0%| F|  |TS  0|AC  0|TAMS 0x00000006cf700000, 0x00000006cf700000|
| 130|0x00000006cf800000, 0x00000006cf800000, 0x00000006cf900000|  0%| F|  |TS  0|AC  0|TAMS 0x00000006cf800000, 0x00000006cf800000|
| 131|0x00000006cf900000, 0x00000006cf900000, 0x00000006cfa00000|  0%| F|  |TS  0|AC  0|TAMS 0x00000006cf900000, 0x00000006cf900000|
| 132|0x00000006cfa00000, 0x00000006cfa00000, 0x00000006cfb00000|  0%| F|  |TS  0|AC  0|TAMS 0x00000006cfa00000, 0x00000006cfa00000|
| 133|0x00000006cfb00000, 0x00000006cfb00000, 0x00000006cfc00000|  0%| F|  |TS  0|AC  0|TAMS 0x00000006cfb00000, 0x00000006cfb00000|
| 134|0x00000006cfc00000, 0x00000006cfc00000, 0x00000006cfd00000|  0%| F|  |TS  0|AC  0|TAMS 0x00000006cfc00000, 0x00000006cfc00000|
| 135|0x00000006cfd00000, 0x00000006cfd00000, 0x00000006cfe00000|  0%| F|  |TS  0|AC  0|TAMS 0x00000006cfd00000, 0x00000006cfd00000|
| 136|0x00000006cfe00000, 0x00000006cfe00000, 0x00000006cff00000|  0%| F|  |TS  0|AC  0|TAMS 0x00000006cfe00000, 0x00000006cfe00000|
| 137|0x00000006cff00000, 0x00000006cff00000, 0x00000006d0000000|  0%| F|  |TS  0|AC  0|TAMS 0x00000006cff00000, 0x00000006cff00000|
| 138|0x00000006d0000000, 0x00000006d0000000, 0x00000006d0100000|  0%| F|  |TS  0|AC  0|TAMS 0x00000006d0000000, 0x00000006d0000000|
| 139|0x00000006d0100000, 0x00000006d0100000, 0x00000006d0200000|  0%| F|  |TS  0|AC  0|TAMS 0x00000006d0100000, 0x00000006d0100000|
| 140|0x00000006d0200000, 0x00000006d0200000, 0x00000006d0300000|  0%| F|  |TS  0|AC  0|TAMS 0x00000006d0200000, 0x00000006d0200000|
| 141|0x00000006d0300000, 0x00000006d0300000, 0x00000006d0400000|  0%| F|  |TS  0|AC  0|TAMS 0x00000006d0300000, 0x00000006d0300000|
| 142|0x00000006d0400000, 0x00000006d0400000, 0x00000006d0500000|  0%| F|  |TS  0|AC  0|TAMS 0x00000006d0400000, 0x00000006d0400000|
| 143|0x00000006d0500000, 0x00000006d0500000, 0x00000006d0600000|  0%| F|  |TS  0|AC  0|TAMS 0x00000006d0500000, 0x00000006d0500000|
| 144|0x00000006d0600000, 0x00000006d0600000, 0x00000006d0700000|  0%| F|  |TS  0|AC  0|TAMS 0x00000006d0600000, 0x00000006d0600000|
| 145|0x00000006d0700000, 0x00000006d0700000, 0x00000006d0800000|  0%| F|  |TS  0|AC  0|TAMS 0x00000006d0700000, 0x00000006d0700000|
| 146|0x00000006d0800000, 0x00000006d0800000, 0x00000006d0900000|  0%| F|  |TS  0|AC  0|TAMS 0x00000006d0800000, 0x00000006d0800000|
| 147|0x00000006d0900000, 0x00000006d0900000, 0x00000006d0a00000|  0%| F|  |TS  0|AC  0|TAMS 0x00000006d0900000, 0x00000006d0900000|
| 148|0x00000006d0a00000, 0x00000006d0a00000, 0x00000006d0b00000|  0%| F|  |TS  0|AC  0|TAMS 0x00000006d0a00000, 0x00000006d0a00000|
| 149|0x00000006d0b00000, 0x00000006d0b00000, 0x00000006d0c00000|  0%| F|  |TS  0|AC  0|TAMS 0x00000006d0b00000, 0x00000006d0b00000|
| 150|0x00000006d0c00000, 0x00000006d0c00000, 0x00000006d0d00000|  0%| F|  |TS  0|AC  0|TAMS 0x00000006d0c00000, 0x00000006d0c00000|
| 151|0x00000006d0d00000, 0x00000006d0d00000, 0x00000006d0e00000|  0%| F|  |TS  0|AC  0|TAMS 0x00000006d0d00000, 0x00000006d0d00000|
| 152|0x00000006d0e00000, 0x00000006d0e00000, 0x00000006d0f00000|  0%| F|  |TS  0|AC  0|TAMS 0x00000006d0e00000, 0x00000006d0e00000|
| 153|0x00000006d0f00000, 0x00000006d0f00000, 0x00000006d1000000|  0%| F|  |TS  0|AC  0|TAMS 0x00000006d0f00000, 0x00000006d0f00000|
| 154|0x00000006d1000000, 0x00000006d1000000, 0x00000006d1100000|  0%| F|  |TS  0|AC  0|TAMS 0x00000006d1000000, 0x00000006d1000000|
| 155|0x00000006d1100000, 0x00000006d1100000, 0x00000006d1200000|  0%| F|  |TS  0|AC  0|TAMS 0x00000006d1100000, 0x00000006d1100000|
| 156|0x00000006d1200000, 0x00000006d1200000, 0x00000006d1300000|  0%| F|  |TS  0|AC  0|TAMS 0x00000006d1200000, 0x00000006d1200000|
| 157|0x00000006d1300000, 0x00000006d1300000, 0x00000006d1400000|  0%| F|  |TS  0|AC  0|TAMS 0x00000006d1300000, 0x00000006d1300000|
| 158|0x00000006d1400000, 0x00000006d1400000, 0x00000006d1500000|  0%| F|  |TS  0|AC  0|TAMS 0x00000006d1400000, 0x00000006d1400000|
| 159|0x00000006d1500000, 0x00000006d1500000, 0x00000006d1600000|  0%| F|  |TS  0|AC  0|TAMS 0x00000006d1500000, 0x00000006d1500000|
| 160|0x00000006d1600000, 0x00000006d1600000, 0x00000006d1700000|  0%| F|  |TS  0|AC  0|TAMS 0x00000006d1600000, 0x00000006d1600000|
| 161|0x00000006d1700000, 0x00000006d1700000, 0x00000006d1800000|  0%| F|  |TS  0|AC  0|TAMS 0x00000006d1700000, 0x00000006d1700000|
| 162|0x00000006d1800000, 0x00000006d1800000, 0x00000006d1900000|  0%| F|  |TS  0|AC  0|TAMS 0x00000006d1800000, 0x00000006d1800000|
| 163|0x00000006d1900000, 0x00000006d1900000, 0x00000006d1a00000|  0%| F|  |TS  0|AC  0|TAMS 0x00000006d1900000, 0x00000006d1900000|
| 164|0x00000006d1a00000, 0x00000006d1a00000, 0x00000006d1b00000|  0%| F|  |TS  0|AC  0|TAMS 0x00000006d1a00000, 0x00000006d1a00000|
| 165|0x00000006d1b00000, 0x00000006d1b00000, 0x00000006d1c00000|  0%| F|  |TS  0|AC  0|TAMS 0x00000006d1b00000, 0x00000006d1b00000|
| 166|0x00000006d1c00000, 0x00000006d1c00000, 0x00000006d1d00000|  0%| F|  |TS  0|AC  0|TAMS 0x00000006d1c00000, 0x00000006d1c00000|
| 167|0x00000006d1d00000, 0x00000006d1d00000, 0x00000006d1e00000|  0%| F|  |TS  0|AC  0|TAMS 0x00000006d1d00000, 0x00000006d1d00000|
| 168|0x00000006d1e00000, 0x00000006d1e00000, 0x00000006d1f00000|  0%| F|  |TS  0|AC  0|TAMS 0x00000006d1e00000, 0x00000006d1e00000|
| 169|0x00000006d1f00000, 0x00000006d1f00000, 0x00000006d2000000|  0%| F|  |TS  0|AC  0|TAMS 0x00000006d1f00000, 0x00000006d1f00000|
| 170|0x00000006d2000000, 0x00000006d2000000, 0x00000006d2100000|  0%| F|  |TS  0|AC  0|TAMS 0x00000006d2000000, 0x00000006d2000000|
| 171|0x00000006d2100000, 0x00000006d2100000, 0x00000006d2200000|  0%| F|  |TS  0|AC  0|TAMS 0x00000006d2100000, 0x00000006d2100000|
| 172|0x00000006d2200000, 0x00000006d2200000, 0x00000006d2300000|  0%| F|  |TS  0|AC  0|TAMS 0x00000006d2200000, 0x00000006d2200000|
| 173|0x00000006d2300000, 0x00000006d2300000, 0x00000006d2400000|  0%| F|  |TS  0|AC  0|TAMS 0x00000006d2300000, 0x00000006d2300000|
| 174|0x00000006d2400000, 0x00000006d2400000, 0x00000006d2500000|  0%| F|  |TS  0|AC  0|TAMS 0x00000006d2400000, 0x00000006d2400000|
| 175|0x00000006d2500000, 0x00000006d2500000, 0x00000006d2600000|  0%| F|  |TS  0|AC  0|TAMS 0x00000006d2500000, 0x00000006d2500000|
| 176|0x00000006d2600000, 0x00000006d2600000, 0x00000006d2700000|  0%| F|  |TS  0|AC  0|TAMS 0x00000006d2600000, 0x00000006d2600000|
| 177|0x00000006d2700000, 0x00000006d2700000, 0x00000006d2800000|  0%| F|  |TS  0|AC  0|TAMS 0x00000006d2700000, 0x00000006d2700000|
| 178|0x00000006d2800000, 0x00000006d2800000, 0x00000006d2900000|  0%| F|  |TS  0|AC  0|TAMS 0x00000006d2800000, 0x00000006d2800000|
| 179|0x00000006d2900000, 0x00000006d2900000, 0x00000006d2a00000|  0%| F|  |TS  0|AC  0|TAMS 0x00000006d2900000, 0x00000006d2900000|
| 180|0x00000006d2a00000, 0x00000006d2a00000, 0x00000006d2b00000|  0%| F|  |TS  0|AC  0|TAMS 0x00000006d2a00000, 0x00000006d2a00000|
| 181|0x00000006d2b00000, 0x00000006d2b00000, 0x00000006d2c00000|  0%| F|  |TS  0|AC  0|TAMS 0x00000006d2b00000, 0x00000006d2b00000|
| 182|0x00000006d2c00000, 0x00000006d2c00000, 0x00000006d2d00000|  0%| F|  |TS  0|AC  0|TAMS 0x00000006d2c00000, 0x00000006d2c00000|
| 183|0x00000006d2d00000, 0x00000006d2d00000, 0x00000006d2e00000|  0%| F|  |TS  0|AC  0|TAMS 0x00000006d2d00000, 0x00000006d2d00000|
| 184|0x00000006d2e00000, 0x00000006d2e00000, 0x00000006d2f00000|  0%| F|  |TS  0|AC  0|TAMS 0x00000006d2e00000, 0x00000006d2e00000|
| 185|0x00000006d2f00000, 0x00000006d2f00000, 0x00000006d3000000|  0%| F|  |TS  0|AC  0|TAMS 0x00000006d2f00000, 0x00000006d2f00000|
| 186|0x00000006d3000000, 0x00000006d3000000, 0x00000006d3100000|  0%| F|  |TS  0|AC  0|TAMS 0x00000006d3000000, 0x00000006d3000000|
| 187|0x00000006d3100000, 0x00000006d3100000, 0x00000006d3200000|  0%| F|  |TS  0|AC  0|TAMS 0x00000006d3100000, 0x00000006d3100000|
| 188|0x00000006d3200000, 0x00000006d3200000, 0x00000006d3300000|  0%| F|  |TS  0|AC  0|TAMS 0x00000006d3200000, 0x00000006d3200000|
| 189|0x00000006d3300000, 0x00000006d3300000, 0x00000006d3400000|  0%| F|  |TS  0|AC  0|TAMS 0x00000006d3300000, 0x00000006d3300000|
| 190|0x00000006d3400000, 0x00000006d3400000, 0x00000006d3500000|  0%| F|  |TS  0|AC  0|TAMS 0x00000006d3400000, 0x00000006d3400000|
| 191|0x00000006d3500000, 0x00000006d3500000, 0x00000006d3600000|  0%| F|  |TS  0|AC  0|TAMS 0x00000006d3500000, 0x00000006d3500000|
| 192|0x00000006d3600000, 0x00000006d3600000, 0x00000006d3700000|  0%| F|  |TS  0|AC  0|TAMS 0x00000006d3600000, 0x00000006d3600000|
| 193|0x00000006d3700000, 0x00000006d3700000, 0x00000006d3800000|  0%| F|  |TS  0|AC  0|TAMS 0x00000006d3700000, 0x00000006d3700000|
| 194|0x00000006d3800000, 0x00000006d3800000, 0x00000006d3900000|  0%| F|  |TS  0|AC  0|TAMS 0x00000006d3800000, 0x00000006d3800000|
| 195|0x00000006d3900000, 0x00000006d3900000, 0x00000006d3a00000|  0%| F|  |TS  0|AC  0|TAMS 0x00000006d3900000, 0x00000006d3900000|
| 196|0x00000006d3a00000, 0x00000006d3a00000, 0x00000006d3b00000|  0%| F|  |TS  0|AC  0|TAMS 0x00000006d3a00000, 0x00000006d3a00000|
| 197|0x00000006d3b00000, 0x00000006d3b00000, 0x00000006d3c00000|  0%| F|  |TS  0|AC  0|TAMS 0x00000006d3b00000, 0x00000006d3b00000|
| 198|0x00000006d3c00000, 0x00000006d3c00000, 0x00000006d3d00000|  0%| F|  |TS  0|AC  0|TAMS 0x00000006d3c00000, 0x00000006d3c00000|
| 199|0x00000006d3d00000, 0x00000006d3d00000, 0x00000006d3e00000|  0%| F|  |TS  0|AC  0|TAMS 0x00000006d3d00000, 0x00000006d3d00000|
| 200|0x00000006d3e00000, 0x00000006d3e00000, 0x00000006d3f00000|  0%| F|  |TS  0|AC  0|TAMS 0x00000006d3e00000, 0x00000006d3e00000|
| 201|0x00000006d3f00000, 0x00000006d3f00000, 0x00000006d4000000|  0%| F|  |TS  0|AC  0|TAMS 0x00000006d3f00000, 0x00000006d3f00000|
| 202|0x00000006d4000000, 0x00000006d4000000, 0x00000006d4100000|  0%| F|  |TS  0|AC  0|TAMS 0x00000006d4000000, 0x00000006d4000000|
| 203|0x00000006d4100000, 0x00000006d4100000, 0x00000006d4200000|  0%| F|  |TS  0|AC  0|TAMS 0x00000006d4100000, 0x00000006d4100000|
| 204|0x00000006d4200000, 0x00000006d4200000, 0x00000006d4300000|  0%| F|  |TS  0|AC  0|TAMS 0x00000006d4200000, 0x00000006d4200000|
| 205|0x00000006d4300000, 0x00000006d4300000, 0x00000006d4400000|  0%| F|  |TS  0|AC  0|TAMS 0x00000006d4300000, 0x00000006d4300000|
| 206|0x00000006d4400000, 0x00000006d4400000, 0x00000006d4500000|  0%| F|  |TS  0|AC  0|TAMS 0x00000006d4400000, 0x00000006d4400000|
| 207|0x00000006d4500000, 0x00000006d4500000, 0x00000006d4600000|  0%| F|  |TS  0|AC  0|TAMS 0x00000006d4500000, 0x00000006d4500000|
| 208|0x00000006d4600000, 0x00000006d4600000, 0x00000006d4700000|  0%| F|  |TS  0|AC  0|TAMS 0x00000006d4600000, 0x00000006d4600000|
| 209|0x00000006d4700000, 0x00000006d4700000, 0x00000006d4800000|  0%| F|  |TS  0|AC  0|TAMS 0x00000006d4700000, 0x00000006d4700000|
| 210|0x00000006d4800000, 0x00000006d4800000, 0x00000006d4900000|  0%| F|  |TS  0|AC  0|TAMS 0x00000006d4800000, 0x00000006d4800000|
| 211|0x00000006d4900000, 0x00000006d4900000, 0x00000006d4a00000|  0%| F|  |TS  0|AC  0|TAMS 0x00000006d4900000, 0x00000006d4900000|
| 212|0x00000006d4a00000, 0x00000006d4a00000, 0x00000006d4b00000|  0%| F|  |TS  0|AC  0|TAMS 0x00000006d4a00000, 0x00000006d4a00000|
| 213|0x00000006d4b00000, 0x00000006d4b00000, 0x00000006d4c00000|  0%| F|  |TS  0|AC  0|TAMS 0x00000006d4b00000, 0x00000006d4b00000|
| 214|0x00000006d4c00000, 0x00000006d4c00000, 0x00000006d4d00000|  0%| F|  |TS  0|AC  0|TAMS 0x00000006d4c00000, 0x00000006d4c00000|
| 215|0x00000006d4d00000, 0x00000006d4d00000, 0x00000006d4e00000|  0%| F|  |TS  0|AC  0|TAMS 0x00000006d4d00000, 0x00000006d4d00000|
| 216|0x00000006d4e00000, 0x00000006d4e00000, 0x00000006d4f00000|  0%| F|  |TS  0|AC  0|TAMS 0x00000006d4e00000, 0x00000006d4e00000|
| 217|0x00000006d4f00000, 0x00000006d4f00000, 0x00000006d5000000|  0%| F|  |TS  0|AC  0|TAMS 0x00000006d4f00000, 0x00000006d4f00000|
| 218|0x00000006d5000000, 0x00000006d5000000, 0x00000006d5100000|  0%| F|  |TS  0|AC  0|TAMS 0x00000006d5000000, 0x00000006d5000000|
| 219|0x00000006d5100000, 0x00000006d5100000, 0x00000006d5200000|  0%| F|  |TS  0|AC  0|TAMS 0x00000006d5100000, 0x00000006d5100000|
| 220|0x00000006d5200000, 0x00000006d5200000, 0x00000006d5300000|  0%| F|  |TS  0|AC  0|TAMS 0x00000006d5200000, 0x00000006d5200000|
| 221|0x00000006d5300000, 0x00000006d5300000, 0x00000006d5400000|  0%| F|  |TS  0|AC  0|TAMS 0x00000006d5300000, 0x00000006d5300000|
| 222|0x00000006d5400000, 0x00000006d5400000, 0x00000006d5500000|  0%| F|  |TS  0|AC  0|TAMS 0x00000006d5400000, 0x00000006d5400000|
| 223|0x00000006d5500000, 0x00000006d5500000, 0x00000006d5600000|  0%| F|  |TS  0|AC  0|TAMS 0x00000006d5500000, 0x00000006d5500000|
| 224|0x00000006d5600000, 0x00000006d5600000, 0x00000006d5700000|  0%| F|  |TS  0|AC  0|TAMS 0x00000006d5600000, 0x00000006d5600000|
| 225|0x00000006d5700000, 0x00000006d5700000, 0x00000006d5800000|  0%| F|  |TS  0|AC  0|TAMS 0x00000006d5700000, 0x00000006d5700000|
| 226|0x00000006d5800000, 0x00000006d5800000, 0x00000006d5900000|  0%| F|  |TS  0|AC  0|TAMS 0x00000006d5800000, 0x00000006d5800000|
| 227|0x00000006d5900000, 0x00000006d5900000, 0x00000006d5a00000|  0%| F|  |TS  0|AC  0|TAMS 0x00000006d5900000, 0x00000006d5900000|
| 228|0x00000006d5a00000, 0x00000006d5a00000, 0x00000006d5b00000|  0%| F|  |TS  0|AC  0|TAMS 0x00000006d5a00000, 0x00000006d5a00000|
| 229|0x00000006d5b00000, 0x00000006d5b00000, 0x00000006d5c00000|  0%| F|  |TS  0|AC  0|TAMS 0x00000006d5b00000, 0x00000006d5b00000|
| 230|0x00000006d5c00000, 0x00000006d5c00000, 0x00000006d5d00000|  0%| F|  |TS  0|AC  0|TAMS 0x00000006d5c00000, 0x00000006d5c00000|
| 231|0x00000006d5d00000, 0x00000006d5d00000, 0x00000006d5e00000|  0%| F|  |TS  0|AC  0|TAMS 0x00000006d5d00000, 0x00000006d5d00000|
| 232|0x00000006d5e00000, 0x00000006d5e00000, 0x00000006d5f00000|  0%| F|  |TS  0|AC  0|TAMS 0x00000006d5e00000, 0x00000006d5e00000|
| 233|0x00000006d5f00000, 0x00000006d5f00000, 0x00000006d6000000|  0%| F|  |TS  0|AC  0|TAMS 0x00000006d5f00000, 0x00000006d5f00000|
| 234|0x00000006d6000000, 0x00000006d6000000, 0x00000006d6100000|  0%| F|  |TS  0|AC  0|TAMS 0x00000006d6000000, 0x00000006d6000000|
| 235|0x00000006d6100000, 0x00000006d6100000, 0x00000006d6200000|  0%| F|  |TS  0|AC  0|TAMS 0x00000006d6100000, 0x00000006d6100000|
| 236|0x00000006d6200000, 0x00000006d6200000, 0x00000006d6300000|  0%| F|  |TS  0|AC  0|TAMS 0x00000006d6200000, 0x00000006d6200000|
| 237|0x00000006d6300000, 0x00000006d6300000, 0x00000006d6400000|  0%| F|  |TS  0|AC  0|TAMS 0x00000006d6300000, 0x00000006d6300000|
| 238|0x00000006d6400000, 0x00000006d6400000, 0x00000006d6500000|  0%| F|  |TS  0|AC  0|TAMS 0x00000006d6400000, 0x00000006d6400000|
| 239|0x00000006d6500000, 0x00000006d6500000, 0x00000006d6600000|  0%| F|  |TS  0|AC  0|TAMS 0x00000006d6500000, 0x00000006d6500000|
| 240|0x00000006d6600000, 0x00000006d6600000, 0x00000006d6700000|  0%| F|  |TS  0|AC  0|TAMS 0x00000006d6600000, 0x00000006d6600000|
| 241|0x00000006d6700000, 0x00000006d6700000, 0x00000006d6800000|  0%| F|  |TS  0|AC  0|TAMS 0x00000006d6700000, 0x00000006d6700000|
| 242|0x00000006d6800000, 0x00000006d6800000, 0x00000006d6900000|  0%| F|  |TS  0|AC  0|TAMS 0x00000006d6800000, 0x00000006d6800000|
| 243|0x00000006d6900000, 0x00000006d697b6a8, 0x00000006d6a00000| 48%| E|  |TS  0|AC  0|TAMS 0x00000006d6900000, 0x00000006d6900000|
| 244|0x00000006d6a00000, 0x00000006d6b00000, 0x00000006d6b00000|100%| E|CS|TS  0|AC  0|TAMS 0x00000006d6a00000, 0x00000006d6a00000|
| 245|0x00000006d6b00000, 0x00000006d6c00000, 0x00000006d6c00000|100%| E|CS|TS  0|AC  0|TAMS 0x00000006d6b00000, 0x00000006d6b00000|
| 246|0x00000006d6c00000, 0x00000006d6d00000, 0x00000006d6d00000|100%| E|CS|TS  0|AC  0|TAMS 0x00000006d6c00000, 0x00000006d6c00000|
| 247|0x00000006d6d00000, 0x00000006d6e00000, 0x00000006d6e00000|100%| E|CS|TS  0|AC  0|TAMS 0x00000006d6d00000, 0x00000006d6d00000|
| 248|0x00000006d6e00000, 0x00000006d6f00000, 0x00000006d6f00000|100%| E|CS|TS  0|AC  0|TAMS 0x00000006d6e00000, 0x00000006d6e00000|
| 249|0x00000006d6f00000, 0x00000006d7000000, 0x00000006d7000000|100%| E|CS|TS  0|AC  0|TAMS 0x00000006d6f00000, 0x00000006d6f00000|

Card table byte_map: [0x00007f0c69ca5000,0x00007f0c6a46a000] byte_map_base: 0x00007f0c6666a000

Marking Bits (Prev, Next): (CMBitMap*) 0x00007f0ca408c290, (CMBitMap*) 0x00007f0ca408c2c8
 Prev Bits: [0x00007f0c3c1d8000, 0x00007f0c40000000)
 Next Bits: [0x00007f0c383b0000, 0x00007f0c3c1d8000)

Polling page: 0x00007f0caad40000

CodeHeap 'non-profiled nmethods': size=120032Kb used=123Kb max_used=123Kb free=119908Kb
 bounds [0x00007f0c90996000, 0x00007f0c90c06000, 0x00007f0c97ece000]
CodeHeap 'profiled nmethods': size=120028Kb used=570Kb max_used=570Kb free=119457Kb
 bounds [0x00007f0c8945f000, 0x00007f0c896cf000, 0x00007f0c90996000]
CodeHeap 'non-nmethods': size=5700Kb used=1178Kb max_used=1190Kb free=4521Kb
 bounds [0x00007f0c88ece000, 0x00007f0c8913e000, 0x00007f0c8945f000]
 total_blobs=856 nmethods=415 adapters=239
 compilation: enabled

Compilation events (10 events):
Event: 0,168 Thread 0x00007f0ca4212800  410       3       java.util.Optional::empty (6 bytes)
Event: 0,168 Thread 0x00007f0ca4212800 nmethod 410 0x00007f0c894ed510 code [0x00007f0c894ed6c0, 0x00007f0c894ed7f0]
Event: 0,168 Thread 0x00007f0ca4212800  411       1       java.lang.System::getSecurityManager (4 bytes)
Event: 0,168 Thread 0x00007f0ca4212800 nmethod 411 0x00007f0c909b4010 code [0x00007f0c909b41c0, 0x00007f0c909b42b0]
Event: 0,168 Thread 0x00007f0ca4212800  412   !   3       java.net.URL::<init> (546 bytes)
Event: 0,170 Thread 0x00007f0ca420b000  419       4       java.util.Objects::requireNonNull (14 bytes)
Event: 0,171 Thread 0x00007f0ca420e800  421       4       java.nio.Buffer::hasRemaining (17 bytes)
Event: 0,171 Thread 0x00007f0ca4210800  422       4       java.nio.DirectByteBuffer::get (15 bytes)
Event: 0,171 Thread 0x00007f0ca420b000 nmethod 419 0x00007f0c909b4510 code [0x00007f0c909b46a0, 0x00007f0c909b46f8]
Event: 0,171 Thread 0x00007f0ca420e800 nmethod 421 0x00007f0c909b4790 code [0x00007f0c909b4920, 0x00007f0c909b4998]

GC Heap History (0 events):
No events

Deoptimization events (0 events):
No events

Classes redefined (0 events):
No events

Internal exceptions (6 events):
Event: 0,134 Thread 0x00007f0ca4013000 Exception <a 'java/lang/NoSuchMethodError'{0x00000006d6b43fc8}: java.lang.Object.lambda$union$2(Ljava/util/regex/Pattern$CharPredicate;I)Z> (0x00000006d6b43fc8) thrown at [/scratch/opt/mach5/mesos/work_dir/slaves/5af44a71-976a-41b7-81de-5773b84ec572-S3964
Event: 0,136 Thread 0x00007f0ca4013000 Exception <a 'java/lang/NoSuchMethodError'{0x00000006d6b516c0}: java.lang.Object.lambda$negate$3(I)Z> (0x00000006d6b516c0) thrown at [/scratch/opt/mach5/mesos/work_dir/slaves/5af44a71-976a-41b7-81de-5773b84ec572-S39643/frameworks/1735e8a2-a1db-478c-8104-6
Event: 0,142 Thread 0x00007f0ca4013000 Exception <a 'java/lang/NoClassDefFoundError'{0x00000006d6bb8b10}: org/fusesource/jansi/internal/CLibrary> (0x00000006d6bb8b10) thrown at [/scratch/opt/mach5/mesos/work_dir/slaves/5af44a71-976a-41b7-81de-5773b84ec572-S39643/frameworks/1735e8a2-a1db-478c-8
Event: 0,142 Thread 0x00007f0ca4013000 Exception <a 'java/lang/NoClassDefFoundError'{0x00000006d6bb8fb8}: org/fusesource/jansi/internal/CLibrary> (0x00000006d6bb8fb8) thrown at [/scratch/opt/mach5/mesos/work_dir/slaves/5af44a71-976a-41b7-81de-5773b84ec572-S39643/frameworks/1735e8a2-a1db-478c-8
Event: 0,142 Thread 0x00007f0ca4013000 Exception <a 'java/lang/NoClassDefFoundError'{0x00000006d6bbf380}: org/fusesource/jansi/internal/CLibrary> (0x00000006d6bbf380) thrown at [/scratch/opt/mach5/mesos/work_dir/slaves/5af44a71-976a-41b7-81de-5773b84ec572-S39643/frameworks/1735e8a2-a1db-478c-8
Event: 0,142 Thread 0x00007f0ca4013000 Exception <a 'java/lang/NoClassDefFoundError'{0x00000006d6bbf5e0}: org/fusesource/jansi/internal/CLibrary> (0x00000006d6bbf5e0) thrown at [/scratch/opt/mach5/mesos/work_dir/slaves/5af44a71-976a-41b7-81de-5773b84ec572-S39643/frameworks/1735e8a2-a1db-478c-8

Events (10 events):
Event: 0,168 loading class java/net/JarURLConnection
Event: 0,168 loading class java/net/JarURLConnection done
Event: 0,168 loading class org/slf4j/impl/OutputChoice
Event: 0,168 loading class org/slf4j/impl/OutputChoice done
Event: 0,169 loading class org/slf4j/impl/OutputChoice$OutputChoiceType
Event: 0,169 loading class org/slf4j/impl/OutputChoice$OutputChoiceType done
Event: 0,169 loading class org/apache/maven/cli/logging/Slf4jConfigurationFactory
Event: 0,169 loading class org/apache/maven/cli/logging/Slf4jConfigurationFactory done
Event: 0,170 loading class org/apache/maven/cli/logging/Slf4jConfiguration
Event: 0,170 loading class org/apache/maven/cli/logging/Slf4jConfiguration done


Dynamic libraries:
00400000-00401000 r-xp 00000000 103:02 11933480                          /usr/java/jdk-9.0.4/bin/java
00600000-00601000 rw-p 00000000 103:02 11933480                          /usr/java/jdk-9.0.4/bin/java
01998000-019b9000 rw-p 00000000 00:00 0                                  [heap]
6c7600000-6d7000000 rw-p 00000000 00:00 0 
6d7000000-7c0000000 ---p 00000000 00:00 0 
7c0000000-7c00c0000 rw-p 00000000 00:00 0 
7c00c0000-800000000 ---p 00000000 00:00 0 
7f0bf4000000-7f0bf4021000 rw-p 00000000 00:00 0 
7f0bf4021000-7f0bf8000000 ---p 00000000 00:00 0 
7f0bfc000000-7f0bfc021000 rw-p 00000000 00:00 0 
7f0bfc021000-7f0c00000000 ---p 00000000 00:00 0 
7f0c00000000-7f0c00021000 rw-p 00000000 00:00 0 
7f0c00021000-7f0c04000000 ---p 00000000 00:00 0 
7f0c04000000-7f0c04438000 rw-p 00000000 00:00 0 
7f0c04438000-7f0c08000000 ---p 00000000 00:00 0 
7f0c08000000-7f0c08021000 rw-p 00000000 00:00 0 
7f0c08021000-7f0c0c000000 ---p 00000000 00:00 0 
7f0c0c000000-7f0c0c075000 rw-p 00000000 00:00 0 
7f0c0c075000-7f0c10000000 ---p 00000000 00:00 0 
7f0c10000000-7f0c1003e000 rw-p 00000000 00:00 0 
7f0c1003e000-7f0c14000000 ---p 00000000 00:00 0 
7f0c14000000-7f0c14021000 rw-p 00000000 00:00 0 
7f0c14021000-7f0c18000000 ---p 00000000 00:00 0 
7f0c18000000-7f0c18186000 rw-p 00000000 00:00 0 
7f0c18186000-7f0c1c000000 ---p 00000000 00:00 0 
7f0c1c000000-7f0c1c021000 rw-p 00000000 00:00 0 
7f0c1c021000-7f0c20000000 ---p 00000000 00:00 0 
7f0c20000000-7f0c20021000 rw-p 00000000 00:00 0 
7f0c20021000-7f0c24000000 ---p 00000000 00:00 0 
7f0c24000000-7f0c24021000 rw-p 00000000 00:00 0 
7f0c24021000-7f0c28000000 ---p 00000000 00:00 0 
7f0c28e71000-7f0c28e72000 ---p 00000000 00:00 0 
7f0c28e72000-7f0c28f72000 rw-p 00000000 00:00 0 
7f0c28f72000-7f0c28f76000 ---p 00000000 00:00 0 
7f0c28f76000-7f0c29073000 rw-p 00000000 00:00 0 
7f0c29073000-7f0c29077000 ---p 00000000 00:00 0 
7f0c29077000-7f0c29174000 rw-p 00000000 00:00 0 
7f0c29174000-7f0c2918a000 r-xp 00000000 103:02 11933547                  /usr/java/jdk-9.0.4/lib/libnet.so
7f0c2918a000-7f0c2938a000 ---p 00016000 103:02 11933547                  /usr/java/jdk-9.0.4/lib/libnet.so
7f0c2938a000-7f0c2938b000 rw-p 00016000 103:02 11933547                  /usr/java/jdk-9.0.4/lib/libnet.so
7f0c2938b000-7f0c2939b000 r-xp 00000000 103:02 11933593                  /usr/java/jdk-9.0.4/lib/libnio.so
7f0c2939b000-7f0c2959b000 ---p 00010000 103:02 11933593                  /usr/java/jdk-9.0.4/lib/libnio.so
7f0c2959b000-7f0c2959c000 rw-p 00010000 103:02 11933593                  /usr/java/jdk-9.0.4/lib/libnio.so
7f0c2959c000-7f0c295a0000 ---p 00000000 00:00 0 
7f0c295a0000-7f0c2969d000 rw-p 00000000 00:00 0 
7f0c2969d000-7f0c296a1000 ---p 00000000 00:00 0 
7f0c296a1000-7f0c2979e000 rw-p 00000000 00:00 0 
7f0c2979e000-7f0c297a2000 ---p 00000000 00:00 0 
7f0c297a2000-7f0c2989f000 rw-p 00000000 00:00 0 
7f0c2989f000-7f0c298a3000 ---p 00000000 00:00 0 
7f0c298a3000-7f0c299a0000 rw-p 00000000 00:00 0 
7f0c299a0000-7f0c299a4000 ---p 00000000 00:00 0 
7f0c299a4000-7f0c29aa1000 rw-p 00000000 00:00 0 
7f0c29aa1000-7f0c29aa5000 ---p 00000000 00:00 0 
7f0c29aa5000-7f0c29ba2000 rw-p 00000000 00:00 0 
7f0c29ba2000-7f0c2a000000 r--p 00000000 103:02 11799807                  /usr/lib/locale/locale-archive
7f0c2a000000-7f0c2c000000 rwxp 00000000 00:00 0 
7f0c2c000000-7f0c2c021000 rw-p 00000000 00:00 0 
7f0c2c021000-7f0c30000000 ---p 00000000 00:00 0 
7f0c30000000-7f0c30021000 rw-p 00000000 00:00 0 
7f0c30021000-7f0c34000000 ---p 00000000 00:00 0 
7f0c34000000-7f0c34021000 rw-p 00000000 00:00 0 
7f0c34021000-7f0c38000000 ---p 00000000 00:00 0 
7f0c380ad000-7f0c380b1000 ---p 00000000 00:00 0 
7f0c380b1000-7f0c381ae000 rw-p 00000000 00:00 0 
7f0c381ae000-7f0c381b2000 ---p 00000000 00:00 0 
7f0c381b2000-7f0c382af000 rw-p 00000000 00:00 0 
7f0c382af000-7f0c382b0000 ---p 00000000 00:00 0 
7f0c382b0000-7f0c38798000 rw-p 00000000 00:00 0 
7f0c38798000-7f0c3c1d8000 ---p 00000000 00:00 0 
7f0c3c1d8000-7f0c3c5c0000 rw-p 00000000 00:00 0 
7f0c3c5c0000-7f0c40000000 ---p 00000000 00:00 0 
7f0c40000000-7f0c40021000 rw-p 00000000 00:00 0 
7f0c40021000-7f0c44000000 ---p 00000000 00:00 0 
7f0c44000000-7f0c44021000 rw-p 00000000 00:00 0 
7f0c44021000-7f0c48000000 ---p 00000000 00:00 0 
7f0c48000000-7f0c48021000 rw-p 00000000 00:00 0 
7f0c48021000-7f0c4c000000 ---p 00000000 00:00 0 
7f0c4c000000-7f0c4c021000 rw-p 00000000 00:00 0 
7f0c4c021000-7f0c50000000 ---p 00000000 00:00 0 
7f0c50000000-7f0c50021000 rw-p 00000000 00:00 0 
7f0c50021000-7f0c54000000 ---p 00000000 00:00 0 
7f0c54000000-7f0c54021000 rw-p 00000000 00:00 0 
7f0c54021000-7f0c58000000 ---p 00000000 00:00 0 
7f0c58000000-7f0c58021000 rw-p 00000000 00:00 0 
7f0c58021000-7f0c5c000000 ---p 00000000 00:00 0 
7f0c5c000000-7f0c5c021000 rw-p 00000000 00:00 0 
7f0c5c021000-7f0c60000000 ---p 00000000 00:00 0 
7f0c60000000-7f0c60021000 rw-p 00000000 00:00 0 
7f0c60021000-7f0c64000000 ---p 00000000 00:00 0 
7f0c64000000-7f0c64021000 rw-p 00000000 00:00 0 
7f0c64021000-7f0c68000000 ---p 00000000 00:00 0 
7f0c680dc000-7f0c6879c000 rw-p 00000000 00:00 0 
7f0c6879c000-7f0c688dc000 ---p 00000000 00:00 0 
7f0c688dc000-7f0c690e4000 rw-p 00000000 00:00 0 
7f0c690e4000-7f0c690e5000 ---p 00000000 00:00 0 
7f0c690e5000-7f0c691e5000 rw-p 00000000 00:00 0 
7f0c691e5000-7f0c691e6000 ---p 00000000 00:00 0 
7f0c691e6000-7f0c692e6000 rw-p 00000000 00:00 0 
7f0c692e6000-7f0c692e7000 ---p 00000000 00:00 0 
7f0c692e7000-7f0c6955d000 rw-p 00000000 00:00 0 
7f0c6955d000-7f0c69ca5000 ---p 00000000 00:00 0 
7f0c69ca5000-7f0c69d22000 rw-p 00000000 00:00 0 
7f0c69d22000-7f0c6ac2f000 ---p 00000000 00:00 0 
7f0c6ac2f000-7f0c6acac000 rw-p 00000000 00:00 0 
7f0c6acac000-7f0c6b3f4000 ---p 00000000 00:00 0 
7f0c6b3f4000-7f0c6b3f5000 ---p 00000000 00:00 0 
7f0c6b3f5000-7f0c6b4f5000 rw-p 00000000 00:00 0 
7f0c6b4f5000-7f0c6b4f6000 ---p 00000000 00:00 0 
7f0c6b4f6000-7f0c6b5f6000 rw-p 00000000 00:00 0 
7f0c6b5f6000-7f0c6b5f7000 ---p 00000000 00:00 0 
7f0c6b5f7000-7f0c6b6f7000 rw-p 00000000 00:00 0 
7f0c6b6f7000-7f0c6b6f8000 ---p 00000000 00:00 0 
7f0c6b6f8000-7f0c6b7f8000 rw-p 00000000 00:00 0 
7f0c6b7f8000-7f0c6b7f9000 ---p 00000000 00:00 0 
7f0c6b7f9000-7f0c6b8f9000 rw-p 00000000 00:00 0 
7f0c6b8f9000-7f0c6b8fa000 ---p 00000000 00:00 0 
7f0c6b8fa000-7f0c6b9fa000 rw-p 00000000 00:00 0 
7f0c6b9fa000-7f0c6b9fb000 ---p 00000000 00:00 0 
7f0c6b9fb000-7f0c6bafb000 rw-p 00000000 00:00 0 
7f0c6bafb000-7f0c6bafc000 ---p 00000000 00:00 0 
7f0c6bafc000-7f0c6bbfc000 rw-p 00000000 00:00 0 
7f0c6bbfc000-7f0c6bbfd000 ---p 00000000 00:00 0 
7f0c6bbfd000-7f0c6c000000 rw-p 00000000 00:00 0 
7f0c6c000000-7f0c6c021000 rw-p 00000000 00:00 0 
7f0c6c021000-7f0c70000000 ---p 00000000 00:00 0 
7f0c70000000-7f0c70021000 rw-p 00000000 00:00 0 
7f0c70021000-7f0c74000000 ---p 00000000 00:00 0 
7f0c74000000-7f0c74021000 rw-p 00000000 00:00 0 
7f0c74021000-7f0c78000000 ---p 00000000 00:00 0 
7f0c78000000-7f0c78021000 rw-p 00000000 00:00 0 
7f0c78021000-7f0c7c000000 ---p 00000000 00:00 0 
7f0c7c000000-7f0c7c021000 rw-p 00000000 00:00 0 
7f0c7c021000-7f0c80000000 ---p 00000000 00:00 0 
7f0c80000000-7f0c80021000 rw-p 00000000 00:00 0 
7f0c80021000-7f0c84000000 ---p 00000000 00:00 0 
7f0c84000000-7f0c84021000 rw-p 00000000 00:00 0 
7f0c84021000-7f0c88000000 ---p 00000000 00:00 0 
7f0c880a5000-7f0c885db000 rw-p 00000000 00:00 0 
7f0c885db000-7f0c885dc000 ---p 00000000 00:00 0 
7f0c885dc000-7f0c886dc000 rw-p 00000000 00:00 0 
7f0c886dc000-7f0c886dd000 ---p 00000000 00:00 0 
7f0c886dd000-7f0c887dd000 rw-p 00000000 00:00 0 
7f0c887dd000-7f0c887de000 ---p 00000000 00:00 0 
7f0c887de000-7f0c888de000 rw-p 00000000 00:00 0 
7f0c888de000-7f0c888df000 ---p 00000000 00:00 0 
7f0c888df000-7f0c889df000 rw-p 00000000 00:00 0 
7f0c889df000-7f0c889e0000 ---p 00000000 00:00 0 
7f0c889e0000-7f0c88ae0000 rw-p 00000000 00:00 0 
7f0c88ae0000-7f0c88ae1000 ---p 00000000 00:00 0 
7f0c88ae1000-7f0c88be1000 rw-p 00000000 00:00 0 
7f0c88be1000-7f0c88be2000 ---p 00000000 00:00 0 
7f0c88be2000-7f0c88ce2000 rw-p 00000000 00:00 0 
7f0c88ce2000-7f0c88ce3000 ---p 00000000 00:00 0 
7f0c88ce3000-7f0c88de8000 rw-p 00000000 00:00 0 
7f0c88de8000-7f0c88ece000 ---p 00000000 00:00 0 
7f0c88ece000-7f0c8913e000 rwxp 00000000 00:00 0 
7f0c8913e000-7f0c8945f000 ---p 00000000 00:00 0 
7f0c8945f000-7f0c896cf000 rwxp 00000000 00:00 0 
7f0c896cf000-7f0c90996000 ---p 00000000 00:00 0 
7f0c90996000-7f0c90c06000 rwxp 00000000 00:00 0 
7f0c90c06000-7f0c97ece000 ---p 00000000 00:00 0 
7f0c97ece000-7f0ca338b000 r--s 00000000 103:02 11933574                  /usr/java/jdk-9.0.4/lib/modules
7f0ca338b000-7f0ca33a5000 r-xp 00000000 103:02 11933523                  /usr/java/jdk-9.0.4/lib/libjimage.so
7f0ca33a5000-7f0ca35a4000 ---p 0001a000 103:02 11933523                  /usr/java/jdk-9.0.4/lib/libjimage.so
7f0ca35a4000-7f0ca35a6000 rw-p 00019000 103:02 11933523                  /usr/java/jdk-9.0.4/lib/libjimage.so
7f0ca35a6000-7f0ca35b8000 rw-p 00000000 00:00 0 
7f0ca35b8000-7f0ca35bf000 r-xp 00000000 103:02 11933601                  /usr/java/jdk-9.0.4/lib/libzip.so
7f0ca35bf000-7f0ca37be000 ---p 00007000 103:02 11933601                  /usr/java/jdk-9.0.4/lib/libzip.so
7f0ca37be000-7f0ca37bf000 rw-p 00006000 103:02 11933601                  /usr/java/jdk-9.0.4/lib/libzip.so
7f0ca37bf000-7f0ca37ca000 r-xp 00000000 103:02 6684766                   /lib/x86_64-linux-gnu/libnss_files-2.26.so
7f0ca37ca000-7f0ca39c9000 ---p 0000b000 103:02 6684766                   /lib/x86_64-linux-gnu/libnss_files-2.26.so
7f0ca39c9000-7f0ca39ca000 r--p 0000a000 103:02 6684766                   /lib/x86_64-linux-gnu/libnss_files-2.26.so
7f0ca39ca000-7f0ca39cb000 rw-p 0000b000 103:02 6684766                   /lib/x86_64-linux-gnu/libnss_files-2.26.so
7f0ca39cb000-7f0ca39d1000 rw-p 00000000 00:00 0 
7f0ca39d1000-7f0ca39dc000 r-xp 00000000 103:02 6684768                   /lib/x86_64-linux-gnu/libnss_nis-2.26.so
7f0ca39dc000-7f0ca3bdb000 ---p 0000b000 103:02 6684768                   /lib/x86_64-linux-gnu/libnss_nis-2.26.so
7f0ca3bdb000-7f0ca3bdc000 r--p 0000a000 103:02 6684768                   /lib/x86_64-linux-gnu/libnss_nis-2.26.so
7f0ca3bdc000-7f0ca3bdd000 rw-p 0000b000 103:02 6684768                   /lib/x86_64-linux-gnu/libnss_nis-2.26.so
7f0ca3bdd000-7f0ca3bf4000 r-xp 00000000 103:02 6684763                   /lib/x86_64-linux-gnu/libnsl-2.26.so
7f0ca3bf4000-7f0ca3df3000 ---p 00017000 103:02 6684763                   /lib/x86_64-linux-gnu/libnsl-2.26.so
7f0ca3df3000-7f0ca3df4000 r--p 00016000 103:02 6684763                   /lib/x86_64-linux-gnu/libnsl-2.26.so
7f0ca3df4000-7f0ca3df5000 rw-p 00017000 103:02 6684763                   /lib/x86_64-linux-gnu/libnsl-2.26.so
7f0ca3df5000-7f0ca3df7000 rw-p 00000000 00:00 0 
7f0ca3df7000-7f0ca3dff000 r-xp 00000000 103:02 6684764                   /lib/x86_64-linux-gnu/libnss_compat-2.26.so
7f0ca3dff000-7f0ca3ffe000 ---p 00008000 103:02 6684764                   /lib/x86_64-linux-gnu/libnss_compat-2.26.so
7f0ca3ffe000-7f0ca3fff000 r--p 00007000 103:02 6684764                   /lib/x86_64-linux-gnu/libnss_compat-2.26.so
7f0ca3fff000-7f0ca4000000 rw-p 00008000 103:02 6684764                   /lib/x86_64-linux-gnu/libnss_compat-2.26.so
7f0ca4000000-7f0ca4828000 rw-p 00000000 00:00 0 
7f0ca4828000-7f0ca8000000 ---p 00000000 00:00 0 
7f0ca8012000-7f0ca80e8000 rw-p 00000000 00:00 0 
7f0ca80e8000-7f0ca81ce000 ---p 00000000 00:00 0 
7f0ca81ce000-7f0ca81f9000 r-xp 00000000 103:02 11933540                  /usr/java/jdk-9.0.4/lib/libjava.so
7f0ca81f9000-7f0ca83f8000 ---p 0002b000 103:02 11933540                  /usr/java/jdk-9.0.4/lib/libjava.so
7f0ca83f8000-7f0ca83fa000 rw-p 0002a000 103:02 11933540                  /usr/java/jdk-9.0.4/lib/libjava.so
7f0ca83fa000-7f0ca8407000 r-xp 00000000 103:02 11933559                  /usr/java/jdk-9.0.4/lib/libverify.so
7f0ca8407000-7f0ca8606000 ---p 0000d000 103:02 11933559                  /usr/java/jdk-9.0.4/lib/libverify.so
7f0ca8606000-7f0ca8608000 rw-p 0000c000 103:02 11933559                  /usr/java/jdk-9.0.4/lib/libverify.so
7f0ca8608000-7f0ca860f000 r-xp 00000000 103:02 6689154                   /lib/x86_64-linux-gnu/librt-2.26.so
7f0ca860f000-7f0ca880e000 ---p 00007000 103:02 6689154                   /lib/x86_64-linux-gnu/librt-2.26.so
7f0ca880e000-7f0ca880f000 r--p 00006000 103:02 6689154                   /lib/x86_64-linux-gnu/librt-2.26.so
7f0ca880f000-7f0ca8810000 rw-p 00007000 103:02 6689154                   /lib/x86_64-linux-gnu/librt-2.26.so
7f0ca8810000-7f0ca8965000 r-xp 00000000 103:02 6684760                   /lib/x86_64-linux-gnu/libm-2.26.so
7f0ca8965000-7f0ca8b64000 ---p 00155000 103:02 6684760                   /lib/x86_64-linux-gnu/libm-2.26.so
7f0ca8b64000-7f0ca8b65000 r--p 00154000 103:02 6684760                   /lib/x86_64-linux-gnu/libm-2.26.so
7f0ca8b65000-7f0ca8b66000 rw-p 00155000 103:02 6684760                   /lib/x86_64-linux-gnu/libm-2.26.so
7f0ca8b66000-7f0ca9b7b000 r-xp 00000000 103:02 11933606                  /usr/java/jdk-9.0.4/lib/server/libjvm.so
7f0ca9b7b000-7f0ca9d7a000 ---p 01015000 103:02 11933606                  /usr/java/jdk-9.0.4/lib/server/libjvm.so
7f0ca9d7a000-7f0ca9e4b000 r--p 01014000 103:02 11933606                  /usr/java/jdk-9.0.4/lib/server/libjvm.so
7f0ca9e4b000-7f0ca9e82000 rw-p 010e5000 103:02 11933606                  /usr/java/jdk-9.0.4/lib/server/libjvm.so
7f0ca9e82000-7f0ca9eeb000 rw-p 00000000 00:00 0 
7f0ca9eeb000-7f0caa0c1000 r-xp 00000000 103:02 6684756                   /lib/x86_64-linux-gnu/libc-2.26.so
7f0caa0c1000-7f0caa2c1000 ---p 001d6000 103:02 6684756                   /lib/x86_64-linux-gnu/libc-2.26.so
7f0caa2c1000-7f0caa2c5000 r--p 001d6000 103:02 6684756                   /lib/x86_64-linux-gnu/libc-2.26.so
7f0caa2c5000-7f0caa2c7000 rw-p 001da000 103:02 6684756                   /lib/x86_64-linux-gnu/libc-2.26.so
7f0caa2c7000-7f0caa2cb000 rw-p 00000000 00:00 0 
7f0caa2cb000-7f0caa2ce000 r-xp 00000000 103:02 6684759                   /lib/x86_64-linux-gnu/libdl-2.26.so
7f0caa2ce000-7f0caa4cd000 ---p 00003000 103:02 6684759                   /lib/x86_64-linux-gnu/libdl-2.26.so
7f0caa4cd000-7f0caa4ce000 r--p 00002000 103:02 6684759                   /lib/x86_64-linux-gnu/libdl-2.26.so
7f0caa4ce000-7f0caa4cf000 rw-p 00003000 103:02 6684759                   /lib/x86_64-linux-gnu/libdl-2.26.so
7f0caa4cf000-7f0caa4dd000 r-xp 00000000 103:02 12064941                  /usr/java/jdk-9.0.4/lib/jli/libjli.so
7f0caa4dd000-7f0caa6dd000 ---p 0000e000 103:02 12064941                  /usr/java/jdk-9.0.4/lib/jli/libjli.so
7f0caa6dd000-7f0caa6de000 rw-p 0000e000 103:02 12064941                  /usr/java/jdk-9.0.4/lib/jli/libjli.so
7f0caa6de000-7f0caa6f8000 r-xp 00000000 103:02 6689091                   /lib/x86_64-linux-gnu/libpthread-2.26.so
7f0caa6f8000-7f0caa8f7000 ---p 0001a000 103:02 6689091                   /lib/x86_64-linux-gnu/libpthread-2.26.so
7f0caa8f7000-7f0caa8f8000 r--p 00019000 103:02 6689091                   /lib/x86_64-linux-gnu/libpthread-2.26.so
7f0caa8f8000-7f0caa8f9000 rw-p 0001a000 103:02 6689091                   /lib/x86_64-linux-gnu/libpthread-2.26.so
7f0caa8f9000-7f0caa8fd000 rw-p 00000000 00:00 0 
7f0caa8fd000-7f0caa919000 r-xp 00000000 103:02 6689397                   /lib/x86_64-linux-gnu/libz.so.1.2.11
7f0caa919000-7f0caab18000 ---p 0001c000 103:02 6689397                   /lib/x86_64-linux-gnu/libz.so.1.2.11
7f0caab18000-7f0caab19000 r--p 0001b000 103:02 6689397                   /lib/x86_64-linux-gnu/libz.so.1.2.11
7f0caab19000-7f0caab1a000 rw-p 0001c000 103:02 6689397                   /lib/x86_64-linux-gnu/libz.so.1.2.11
7f0caab1a000-7f0caab41000 r-xp 00000000 103:02 6684688                   /lib/x86_64-linux-gnu/ld-2.26.so
7f0caab6f000-7f0caac21000 rw-p 00000000 00:00 0 
7f0caac21000-7f0caac28000 ---p 00000000 00:00 0 
7f0caac28000-7f0caac29000 ---p 00000000 00:00 0 
7f0caac29000-7f0caac2d000 ---p 00000000 00:00 0 
7f0caac2d000-7f0caad2d000 rw-p 00000000 00:00 0 
7f0caad36000-7f0caad37000 rw-p 00000000 00:00 0 
7f0caad37000-7f0caad3f000 rw-s 00000000 103:02 5899985                   /tmp/hsperfdata_dejans/28531
7f0caad3f000-7f0caad40000 rw-p 00000000 00:00 0 
7f0caad40000-7f0caad41000 r--p 00000000 00:00 0 
7f0caad41000-7f0caad42000 r--p 00027000 103:02 6684688                   /lib/x86_64-linux-gnu/ld-2.26.so
7f0caad42000-7f0caad43000 rw-p 00028000 103:02 6684688                   /lib/x86_64-linux-gnu/ld-2.26.so
7f0caad43000-7f0caad44000 rw-p 00000000 00:00 0 
7ffcd098c000-7ffcd09ad000 rw-p 00000000 00:00 0                          [stack]
7ffcd09dd000-7ffcd09e0000 r--p 00000000 00:00 0                          [vvar]
7ffcd09e0000-7ffcd09e2000 r-xp 00000000 00:00 0                          [vdso]
ffffffffff600000-ffffffffff601000 r-xp 00000000 00:00 0                  [vsyscall]

VM Arguments:
jvm_args: -Dclassworlds.conf=/usr/share/maven/bin/m2.conf -Dmaven.home=/usr/share/maven -Dmaven.multiModuleProjectDirectory=/home/dejans/Develop/java/source/proba3-microservices 
java_command: org.codehaus.plexus.classworlds.launcher.Launcher package
java_class_path (initial): /usr/share/maven/boot/plexus-classworlds-2.x.jar
Launcher Type: SUN_STANDARD

Logging:
Log output configuration:
#0: stdout all=warning uptime,level,tags
#1: stderr all=off uptime,level,tags

Environment Variables:
PATH=/usr/java/jdk-9.0.4/bin:/usr/local/sbin:/usr/local/bin:/usr/sbin:/usr/bin:/sbin:/bin:/usr/games:/usr/local/games:/snap/bin
USERNAME=dejans
SHELL=/bin/bash
DISPLAY=:0

Signal Handlers:
SIGSEGV: [libjvm.so+0xd4d370], sa_mask[0]=11111111011111111101111111111110, sa_flags=SA_RESTART|SA_SIGINFO
SIGBUS: [libjvm.so+0xd4d370], sa_mask[0]=11111111011111111101111111111110, sa_flags=SA_RESTART|SA_SIGINFO
SIGFPE: [libjvm.so+0xd4d370], sa_mask[0]=11111111011111111101111111111110, sa_flags=SA_RESTART|SA_SIGINFO
SIGPIPE: [libjvm.so+0xb64780], sa_mask[0]=11111111011111111101111111111110, sa_flags=SA_RESTART|SA_SIGINFO
SIGXFSZ: [libjvm.so+0xb64780], sa_mask[0]=11111111011111111101111111111110, sa_flags=SA_RESTART|SA_SIGINFO
SIGILL: [libjvm.so+0xd4d370], sa_mask[0]=11111111011111111101111111111110, sa_flags=SA_RESTART|SA_SIGINFO
SIGUSR2: [libjvm.so+0xb64640], sa_mask[0]=00000000000000000000000000000000, sa_flags=SA_RESTART|SA_SIGINFO
SIGHUP: [libjvm.so+0xb64850], sa_mask[0]=11111111011111111101111111111110, sa_flags=SA_RESTART|SA_SIGINFO
SIGINT: [libjvm.so+0xb64850], sa_mask[0]=11111111011111111101111111111110, sa_flags=SA_RESTART|SA_SIGINFO
SIGTERM: [libjvm.so+0xb64850], sa_mask[0]=11111111011111111101111111111110, sa_flags=SA_RESTART|SA_SIGINFO
SIGQUIT: [libjvm.so+0xb64850], sa_mask[0]=11111111011111111101111111111110, sa_flags=SA_RESTART|SA_SIGINFO


---------------  S Y S T E M  ---------------

OS:DISTRIB_ID=Ubuntu
DISTRIB_RELEASE=17.10
DISTRIB_CODENAME=artful
DISTRIB_DESCRIPTION="Ubuntu 17.10"
uname:Linux 4.13.0-37-generic #42-Ubuntu SMP Wed Mar 7 14:13:23 UTC 2018 x86_64
libc:glibc 2.26 NPTL 2.26 
rlimit: STACK 8192k, CORE 0k, NPROC 63175, NOFILE 4096, AS infinity
load average:0,47 0,80 0,74

/proc/meminfo:
MemTotal:       16289860 kB
MemFree:         5816332 kB
MemAvailable:    8014600 kB
Buffers:          201120 kB
Cached:          2416232 kB
SwapCached:            0 kB
Active:          8085240 kB
Inactive:        1903600 kB
Active(anon):    7073136 kB
Inactive(anon):   535924 kB
Active(file):    1012104 kB
Inactive(file):  1367676 kB
Unevictable:         104 kB
Mlocked:             104 kB
SwapTotal:       2097148 kB
SwapFree:        2097148 kB
Dirty:               112 kB
Writeback:             0 kB
AnonPages:       7371752 kB
Mapped:           615128 kB
Shmem:            550312 kB
Slab:             233000 kB
SReclaimable:     152544 kB
SUnreclaim:        80456 kB
KernelStack:       29136 kB
PageTables:       109952 kB
NFS_Unstable:          0 kB
Bounce:                0 kB
WritebackTmp:          0 kB
CommitLimit:    10242076 kB
Committed_AS:   21245928 kB
VmallocTotal:   34359738367 kB
VmallocUsed:           0 kB
VmallocChunk:          0 kB
HardwareCorrupted:     0 kB
AnonHugePages:         0 kB
ShmemHugePages:        0 kB
ShmemPmdMapped:        0 kB
CmaTotal:              0 kB
CmaFree:               0 kB
HugePages_Total:       0
HugePages_Free:        0
HugePages_Rsvd:        0
HugePages_Surp:        0
Hugepagesize:       2048 kB
DirectMap4k:      248436 kB
DirectMap2M:    12199936 kB
DirectMap1G:     4194304 kB


CPU:total 8 (initial active 8) (4 cores per cpu, 2 threads per core) family 6 model 158 stepping 9, cmov, cx8, fxsr, mmx, sse, sse2, sse3, ssse3, sse4.1, sse4.2, popcnt, avx, avx2, aes, clmul, erms, 3dnowpref, lzcnt, ht, tsc, tscinvbit, bmi1, bmi2, adx, fma
CPU Model and flags from /proc/cpuinfo:
model name	: Intel(R) Core(TM) i7-7700HQ CPU @ 2.80GHz
flags		: fpu vme de pse tsc msr pae mce cx8 apic sep mtrr pge mca cmov pat pse36 clflush dts acpi mmx fxsr sse sse2 ss ht tm pbe syscall nx pdpe1gb rdtscp lm constant_tsc art arch_perfmon pebs bts rep_good nopl xtopology nonstop_tsc cpuid aperfmperf tsc_known_freq pni pclmulqdq dtes64 monitor ds_cpl vmx est tm2 ssse3 sdbg fma cx16 xtpr pdcm pcid sse4_1 sse4_2 x2apic movbe popcnt aes xsave avx f16c rdrand lahf_lm abm 3dnowprefetch cpuid_fault epb invpcid_single pti retpoline intel_pt rsb_ctxsw tpr_shadow vnmi flexpriority ept vpid fsgsbase tsc_adjust bmi1 avx2 smep bmi2 erms invpcid mpx rdseed adx smap clflushopt xsaveopt xsavec xgetbv1 xsaves dtherm ida arat pln pts hwp hwp_notify hwp_act_window hwp_epp

Memory: 4k page, physical 16289860k(5816332k free), swap 2097148k(2097148k free)

vm_info: Java HotSpot(TM) 64-Bit Server VM (9.0.4+11) for linux-amd64 JRE (9.0.4+11), built on Dec 19 2017 18:12:19 by "mach5one" with gcc 4.9.2

END.
